{
  "stats": {
    "suites": 1,
    "tests": 3,
    "passes": 3,
    "pending": 0,
    "failures": 0,
    "start": "2024-02-12T21:32:28.088Z",
    "end": "2024-02-12T21:33:10.748Z",
    "duration": 42660,
    "testsRegistered": 3,
    "passPercent": 100,
    "pendingPercent": 0,
    "other": 0,
    "hasOther": false,
    "skipped": 0,
    "hasSkipped": false
  },
  "results": [
    {
      "uuid": "966b5493-f34e-4294-b671-2064b014945a",
      "title": "",
      "fullFile": "H:\\GitHub\\ingsw3-integrador\\frontend\\visuals_test.js",
      "file": "\\visuals_test.js",
      "beforeHooks": [],
      "afterHooks": [],
      "tests": [],
      "suites": [
        {
          "uuid": "f6954c63-4a28-4cf1-84a6-6dc242310278",
          "title": "Prueba",
          "fullFile": "H:\\GitHub\\ingsw3-integrador\\frontend\\visuals_test.js",
          "file": "\\visuals_test.js",
          "beforeHooks": [
            {
              "title": "\"before all\" hook: codeceptjs.beforeSuite in \"Prueba\"",
              "fullTitle": "Prueba \"before all\" hook: codeceptjs.beforeSuite in \"Prueba\"",
              "timedOut": false,
              "duration": 392,
              "state": null,
              "speed": null,
              "pass": false,
              "fail": false,
              "pending": false,
              "context": null,
              "code": "scenario.suiteSetup(suite)",
              "err": {},
              "uuid": "11806315-a866-485d-af64-f2b8b4e766d0",
              "parentUUID": "f6954c63-4a28-4cf1-84a6-6dc242310278",
              "isHook": true,
              "skipped": false
            },
            {
              "title": "\"before each\" hook: codeceptjs.before in \"Prueba\"",
              "fullTitle": "Prueba \"before each\" hook: codeceptjs.before in \"Prueba\"",
              "timedOut": false,
              "duration": 93,
              "state": null,
              "speed": null,
              "pass": false,
              "fail": false,
              "pending": false,
              "context": null,
              "code": "scenario.setup(suite)",
              "err": {},
              "uuid": "10137be0-e794-4048-b5d9-e5c247d7514a",
              "parentUUID": "f6954c63-4a28-4cf1-84a6-6dc242310278",
              "isHook": true,
              "skipped": false
            }
          ],
          "afterHooks": [
            {
              "title": "\"after all\" hook: codeceptjs.afterSuite in \"Prueba\"",
              "fullTitle": "Prueba \"after all\" hook: codeceptjs.afterSuite in \"Prueba\"",
              "timedOut": false,
              "duration": 0,
              "state": null,
              "speed": null,
              "pass": false,
              "fail": false,
              "pending": false,
              "context": null,
              "code": "scenario.suiteTeardown(suite)",
              "err": {},
              "uuid": "2d7bfa9c-2394-47cc-9f85-a1de9cb94716",
              "parentUUID": "f6954c63-4a28-4cf1-84a6-6dc242310278",
              "isHook": true,
              "skipped": false
            },
            {
              "title": "\"after each\" hook: finalize codeceptjs in \"Prueba\"",
              "fullTitle": "Prueba \"after each\" hook: finalize codeceptjs in \"Prueba\"",
              "timedOut": false,
              "duration": 4,
              "state": null,
              "speed": null,
              "pass": false,
              "fail": false,
              "pending": false,
              "context": null,
              "code": "scenario.teardown(suite)",
              "err": {},
              "uuid": "524d146c-cc35-42cf-be55-8ea69d8db697",
              "parentUUID": "f6954c63-4a28-4cf1-84a6-6dc242310278",
              "isHook": true,
              "skipped": false
            }
          ],
          "tests": [
            {
              "title": "Testing Some Text",
              "fullTitle": "Prueba: Testing Some Text",
              "timedOut": false,
              "duration": 21768,
              "state": "passed",
              "speed": "slow",
              "pass": true,
              "fail": false,
              "pending": false,
              "context": null,
              "code": "I }) => {\n    I.wait(15);\n    I.amOnPage(URL);\n    I.wait(5);\n    I.see('EL AUDIO DE LOS VIERNES!')\n    I.see('Octavio Garcia 2004033 - UCC - Ingeniería en Software III - 2024')",
              "err": {},
              "uuid": "304e5f0a-79a0-413e-8f78-b72363e9985d",
              "parentUUID": "f6954c63-4a28-4cf1-84a6-6dc242310278",
              "isHook": false,
              "skipped": false
            },
            {
              "title": "Testing Upload - Success",
              "fullTitle": "Prueba: Testing Upload - Success",
              "timedOut": false,
              "duration": 15010,
              "state": "passed",
              "speed": "slow",
              "pass": true,
              "fail": false,
              "pending": false,
              "context": null,
              "code": "I }) => {\n    I.wait(10);\n    I.amOnPage(URL);\n    I.click('button.sc-kFCroH');\n    I.waitForVisible('div.sc-guDLey.dwEfBc', 5);\n    \n    I.see('Desea añadir un nuevo audio de los viernes?');\n    const enlaceYouTube = 'https://www.youtube.com/shorts/x2vguwCs2nQ';\n    I.fillField('input.sc-brSamD.bAiYgC', enlaceYouTube);\n    I.wait(1);\n    const colorAntes = await I.grabAttributeFrom('button.sc-kFCroH.sc-ktwOfi.kDXnIh.lcJajR', 'color');\n    I.click('button.sc-kFCroH.sc-ktwOfi.kDXnIh.lcJajR');\n    I.wait(1);\n    const colorDespues = await I.grabAttributeFrom('button.sc-kFCroH.sc-ktwOfi.hOikIJ.lcJajR', 'color');\n    if (colorAntes === 'default' && colorDespues === 'success') {\n        console.log('El audio se añadio de manera exitosa. Lo cual es correcto para la prueba');\n    } else {\n        assert.fail(`Ocurrio un error inesperado`);\n        //assert.fail(`Ocurrio un error añadiendo el audio. Antes:${colorAntes} ---- Desp:${colorDespues}`);\n    }",
              "err": {},
              "uuid": "ebadf587-4f52-4979-b2f2-70bf51f6e9f7",
              "parentUUID": "f6954c63-4a28-4cf1-84a6-6dc242310278",
              "isHook": false,
              "skipped": false
            },
            {
              "title": "Testing Upload - Error",
              "fullTitle": "Prueba: Testing Upload - Error",
              "timedOut": false,
              "duration": 4841,
              "state": "passed",
              "speed": "slow",
              "pass": true,
              "fail": false,
              "pending": false,
              "context": null,
              "code": "I }) => {\n    I.amOnPage(URL);\n    I.click('button.sc-kFCroH');\n    I.waitForVisible('div.sc-guDLey.dwEfBc', 5);\n    \n    I.see('Desea añadir un nuevo audio de los viernes?');\n    const enlaceYouTube = 'https://www.youtube.com/shorts/TEST-ERROR';\n    I.fillField('input.sc-brSamD.bAiYgC', enlaceYouTube);\n    I.wait(1);\n    const colorAntes = await I.grabAttributeFrom('button.sc-kFCroH.sc-ktwOfi.kDXnIh.lcJajR', 'color');\n    I.click('button.sc-kFCroH.sc-ktwOfi.kDXnIh.lcJajR');\n    I.wait(1);\n    const colorDespues = await I.grabAttributeFrom('button.sc-kFCroH.sc-ktwOfi.QRzSJ.lcJajR', 'color');\n    if (colorAntes === 'default' && colorDespues === 'error') {\n        console.log('El audio no se añadio de manera exitosa. Lo cual es correcto para la prueba');\n    } else {\n        assert.fail(`Ocurrio un error inesperado`);\n        //assert.fail(`Ocurrio un error y se pudo añadir el audio. Antes:${colorAntes} ---- Desp:${colorDespues}`);\n    }",
              "err": {},
              "uuid": "5b763e0b-8b56-4858-84fd-1b4fb79b8d4a",
              "parentUUID": "f6954c63-4a28-4cf1-84a6-6dc242310278",
              "isHook": false,
              "skipped": false
            }
          ],
          "suites": [],
          "passes": [
            "304e5f0a-79a0-413e-8f78-b72363e9985d",
            "ebadf587-4f52-4979-b2f2-70bf51f6e9f7",
            "5b763e0b-8b56-4858-84fd-1b4fb79b8d4a"
          ],
          "failures": [],
          "pending": [],
          "skipped": [],
          "duration": 41619,
          "root": false,
          "rootEmpty": false,
          "_timeout": 0
        }
      ],
      "passes": [],
      "failures": [],
      "pending": [],
      "skipped": [],
      "duration": 0,
      "root": true,
      "rootEmpty": true,
      "_timeout": 0
    }
  ],
  "meta": {
    "mocha": {
      "version": "10.2.0"
    },
    "mochawesome": {
      "options": {
        "quiet": false,
        "reportFilename": "mochawesome-report",
        "saveHtml": true,
        "saveJson": true,
        "consoleReporter": "spec",
        "useInlineDiffs": false,
        "code": true
      },
      "version": "7.1.3"
    },
    "marge": {
      "options": {
        "reportDir": "./output",
        "reportFilename": "mochawesome-report"
      },
      "version": "6.2.0"
    }
  }
}