{
  "stats": {
    "suites": 1,
    "tests": 3,
    "passes": 3,
    "pending": 0,
    "failures": 0,
    "start": "2024-02-12T22:55:27.346Z",
    "end": "2024-02-12T22:55:55.003Z",
    "duration": 27657,
    "testsRegistered": 3,
    "passPercent": 100,
    "pendingPercent": 0,
    "other": 0,
    "hasOther": false,
    "skipped": 0,
    "hasSkipped": false
  },
  "results": [
    {
      "uuid": "8e688098-eab0-4863-b680-bf9069d44ee4",
      "title": "",
      "fullFile": "H:\\GitHub\\ingsw3-integrador\\frontend\\visuals_test.js",
      "file": "\\visuals_test.js",
      "beforeHooks": [],
      "afterHooks": [],
      "tests": [],
      "suites": [
        {
          "uuid": "6467246c-fb17-473c-a290-19c9624e30c1",
          "title": "Prueba",
          "fullFile": "H:\\GitHub\\ingsw3-integrador\\frontend\\visuals_test.js",
          "file": "\\visuals_test.js",
          "beforeHooks": [
            {
              "title": "\"before all\" hook: codeceptjs.beforeSuite in \"Prueba\"",
              "fullTitle": "Prueba \"before all\" hook: codeceptjs.beforeSuite in \"Prueba\"",
              "timedOut": false,
              "duration": 466,
              "state": null,
              "speed": null,
              "pass": false,
              "fail": false,
              "pending": false,
              "context": null,
              "code": "scenario.suiteSetup(suite)",
              "err": {},
              "uuid": "6d56d620-1e6e-4d27-9ec2-b2c9090d397a",
              "parentUUID": "6467246c-fb17-473c-a290-19c9624e30c1",
              "isHook": true,
              "skipped": false
            },
            {
              "title": "\"before each\" hook: codeceptjs.before in \"Prueba\"",
              "fullTitle": "Prueba \"before each\" hook: codeceptjs.before in \"Prueba\"",
              "timedOut": false,
              "duration": 113,
              "state": null,
              "speed": null,
              "pass": false,
              "fail": false,
              "pending": false,
              "context": null,
              "code": "scenario.setup(suite)",
              "err": {},
              "uuid": "e6752c7e-68e1-4a6d-8a77-4b0d6acf37a8",
              "parentUUID": "6467246c-fb17-473c-a290-19c9624e30c1",
              "isHook": true,
              "skipped": false
            }
          ],
          "afterHooks": [
            {
              "title": "\"after all\" hook: codeceptjs.afterSuite in \"Prueba\"",
              "fullTitle": "Prueba \"after all\" hook: codeceptjs.afterSuite in \"Prueba\"",
              "timedOut": false,
              "duration": 0,
              "state": null,
              "speed": null,
              "pass": false,
              "fail": false,
              "pending": false,
              "context": null,
              "code": "scenario.suiteTeardown(suite)",
              "err": {},
              "uuid": "47e62cf8-4927-4edb-9231-fb16564b6fd6",
              "parentUUID": "6467246c-fb17-473c-a290-19c9624e30c1",
              "isHook": true,
              "skipped": false
            },
            {
              "title": "\"after each\" hook: finalize codeceptjs in \"Prueba\"",
              "fullTitle": "Prueba \"after each\" hook: finalize codeceptjs in \"Prueba\"",
              "timedOut": false,
              "duration": 5,
              "state": null,
              "speed": null,
              "pass": false,
              "fail": false,
              "pending": false,
              "context": null,
              "code": "scenario.teardown(suite)",
              "err": {},
              "uuid": "07425365-bc6f-4ae1-b825-67a47b846d14",
              "parentUUID": "6467246c-fb17-473c-a290-19c9624e30c1",
              "isHook": true,
              "skipped": false
            }
          ],
          "tests": [
            {
              "title": "Testing Some Text",
              "fullTitle": "Prueba: Testing Some Text",
              "timedOut": false,
              "duration": 6703,
              "state": "passed",
              "speed": "slow",
              "pass": true,
              "fail": false,
              "pending": false,
              "context": null,
              "code": "I }) => {\n    I.amOnPage(URL);\n    I.wait(5);\n    I.see('EL AUDIO DE LOS VIERNES!')",
              "err": {},
              "uuid": "4b8f6d33-e8a4-43dd-92e2-f72d72c21665",
              "parentUUID": "6467246c-fb17-473c-a290-19c9624e30c1",
              "isHook": false,
              "skipped": false
            },
            {
              "title": "Testing Upload - Success",
              "fullTitle": "Prueba: Testing Upload - Success",
              "timedOut": false,
              "duration": 15163,
              "state": "passed",
              "speed": "slow",
              "pass": true,
              "fail": false,
              "pending": false,
              "context": null,
              "code": "I }) => {\n    I.wait(10);\n    I.amOnPage(URL);\n    I.click('button.sc-kFCroH');\n    I.waitForVisible('div.sc-guDLey.dwEfBc', 5);\n    \n    I.see('Desea añadir un nuevo audio de los viernes?');\n    const enlaceYouTube = 'https://www.youtube.com/shorts/x2vguwCs2nQ';\n    I.fillField('input.sc-brSamD.bAiYgC', enlaceYouTube);\n    I.wait(1);\n    const colorAntes = await I.grabAttributeFrom('button.sc-kFCroH.sc-ktwOfi.kDXnIh.lcJajR', 'color');\n    I.click('button.sc-kFCroH.sc-ktwOfi.kDXnIh.lcJajR');\n    I.wait(1);\n    const colorDespues = await I.grabAttributeFrom('button.sc-kFCroH.sc-ktwOfi.hOikIJ.lcJajR', 'color');\n    if (colorAntes === 'default' && colorDespues === 'success') {\n        console.log('El audio se añadio de manera exitosa. Lo cual es correcto para la prueba');\n    } else {\n        assert.fail(`Ocurrio un error inesperado`);\n        //assert.fail(`Ocurrio un error añadiendo el audio. Antes:${colorAntes} ---- Desp:${colorDespues}`);\n    }",
              "err": {},
              "uuid": "f72fdd81-1058-47cd-886e-52d2ee0719e6",
              "parentUUID": "6467246c-fb17-473c-a290-19c9624e30c1",
              "isHook": false,
              "skipped": false
            },
            {
              "title": "Testing Upload - Error",
              "fullTitle": "Prueba: Testing Upload - Error",
              "timedOut": false,
              "duration": 4631,
              "state": "passed",
              "speed": "slow",
              "pass": true,
              "fail": false,
              "pending": false,
              "context": null,
              "code": "I }) => {\n    I.amOnPage(URL);\n    I.click('button.sc-kFCroH');\n    I.waitForVisible('div.sc-guDLey.dwEfBc', 5);\n    \n    I.see('Desea añadir un nuevo audio de los viernes?');\n    const enlaceYouTube = 'https://www.youtube.com/shorts/TEST-ERROR';\n    I.fillField('input.sc-brSamD.bAiYgC', enlaceYouTube);\n    I.wait(1);\n    const colorAntes = await I.grabAttributeFrom('button.sc-kFCroH.sc-ktwOfi.kDXnIh.lcJajR', 'color');\n    I.click('button.sc-kFCroH.sc-ktwOfi.kDXnIh.lcJajR');\n    I.wait(1);\n    const colorDespues = await I.grabAttributeFrom('button.sc-kFCroH.sc-ktwOfi.QRzSJ.lcJajR', 'color');\n    if (colorAntes === 'default' && colorDespues === 'error') {\n        console.log('El audio no se añadio de manera exitosa. Lo cual es correcto para la prueba');\n    } else {\n        assert.fail(`Ocurrio un error inesperado`);\n        //assert.fail(`Ocurrio un error y se pudo añadir el audio. Antes:${colorAntes} ---- Desp:${colorDespues}`);\n    }",
              "err": {},
              "uuid": "23754723-6583-49dc-bd68-13e2e9029655",
              "parentUUID": "6467246c-fb17-473c-a290-19c9624e30c1",
              "isHook": false,
              "skipped": false
            }
          ],
          "suites": [],
          "passes": [
            "4b8f6d33-e8a4-43dd-92e2-f72d72c21665",
            "f72fdd81-1058-47cd-886e-52d2ee0719e6",
            "23754723-6583-49dc-bd68-13e2e9029655"
          ],
          "failures": [],
          "pending": [],
          "skipped": [],
          "duration": 26497,
          "root": false,
          "rootEmpty": false,
          "_timeout": 0
        }
      ],
      "passes": [],
      "failures": [],
      "pending": [],
      "skipped": [],
      "duration": 0,
      "root": true,
      "rootEmpty": true,
      "_timeout": 0
    }
  ],
  "meta": {
    "mocha": {
      "version": "10.2.0"
    },
    "mochawesome": {
      "options": {
        "quiet": false,
        "reportFilename": "mochawesome-report",
        "saveHtml": true,
        "saveJson": true,
        "consoleReporter": "spec",
        "useInlineDiffs": false,
        "code": true
      },
      "version": "7.1.3"
    },
    "marge": {
      "options": {
        "reportDir": "./output",
        "reportFilename": "mochawesome-report"
      },
      "version": "6.2.0"
    }
  }
}