{
  "stats": {
    "suites": 1,
    "tests": 3,
    "passes": 2,
    "pending": 0,
    "failures": 1,
    "start": "2024-02-11T22:07:18.068Z",
    "end": "2024-02-11T22:07:57.087Z",
    "duration": 39019,
    "testsRegistered": 3,
    "passPercent": 66.66666666666666,
    "pendingPercent": 0,
    "other": 0,
    "hasOther": false,
    "skipped": 0,
    "hasSkipped": false
  },
  "results": [
    {
      "uuid": "f11581e4-3aed-43b0-ae8c-3dbbd1114659",
      "title": "",
      "fullFile": "H:\\GitHub\\ingsw3-integrador\\frontend\\visuals_test.js",
      "file": "\\visuals_test.js",
      "beforeHooks": [],
      "afterHooks": [],
      "tests": [],
      "suites": [
        {
          "uuid": "6b8e538f-9036-468a-a087-d7151ec89fee",
          "title": "Prueba",
          "fullFile": "H:\\GitHub\\ingsw3-integrador\\frontend\\visuals_test.js",
          "file": "\\visuals_test.js",
          "beforeHooks": [
            {
              "title": "\"before all\" hook: codeceptjs.beforeSuite in \"Prueba\"",
              "fullTitle": "Prueba \"before all\" hook: codeceptjs.beforeSuite in \"Prueba\"",
              "timedOut": false,
              "duration": 518,
              "state": null,
              "speed": null,
              "pass": false,
              "fail": false,
              "pending": false,
              "context": null,
              "code": "scenario.suiteSetup(suite)",
              "err": {},
              "uuid": "d40b4a29-1bbc-4980-8751-e3a9839749c5",
              "parentUUID": "6b8e538f-9036-468a-a087-d7151ec89fee",
              "isHook": true,
              "skipped": false
            },
            {
              "title": "\"before each\" hook: codeceptjs.before in \"Prueba\"",
              "fullTitle": "Prueba \"before each\" hook: codeceptjs.before in \"Prueba\"",
              "timedOut": false,
              "duration": 355,
              "state": null,
              "speed": null,
              "pass": false,
              "fail": false,
              "pending": false,
              "context": null,
              "code": "scenario.setup(suite)",
              "err": {},
              "uuid": "de0ac474-78f1-49f2-a9dd-b6b8b92a613d",
              "parentUUID": "6b8e538f-9036-468a-a087-d7151ec89fee",
              "isHook": true,
              "skipped": false
            }
          ],
          "afterHooks": [
            {
              "title": "\"after all\" hook: codeceptjs.afterSuite in \"Prueba\"",
              "fullTitle": "Prueba \"after all\" hook: codeceptjs.afterSuite in \"Prueba\"",
              "timedOut": false,
              "duration": 0,
              "state": null,
              "speed": null,
              "pass": false,
              "fail": false,
              "pending": false,
              "context": null,
              "code": "scenario.suiteTeardown(suite)",
              "err": {},
              "uuid": "7cfce1cf-b741-45e7-b962-c7d9b7aa16be",
              "parentUUID": "6b8e538f-9036-468a-a087-d7151ec89fee",
              "isHook": true,
              "skipped": false
            },
            {
              "title": "\"after each\" hook: finalize codeceptjs in \"Prueba\"",
              "fullTitle": "Prueba \"after each\" hook: finalize codeceptjs in \"Prueba\"",
              "timedOut": false,
              "duration": 73,
              "state": null,
              "speed": null,
              "pass": false,
              "fail": false,
              "pending": false,
              "context": null,
              "code": "scenario.teardown(suite)",
              "err": {},
              "uuid": "94d16b27-a343-4161-a28d-d28e10f2f049",
              "parentUUID": "6b8e538f-9036-468a-a087-d7151ec89fee",
              "isHook": true,
              "skipped": false
            }
          ],
          "tests": [
            {
              "title": "Testing Some Text",
              "fullTitle": "Prueba: Testing Some Text",
              "timedOut": false,
              "duration": 16474,
              "state": "passed",
              "speed": "slow",
              "pass": true,
              "fail": false,
              "pending": false,
              "context": null,
              "code": "I }) => {\n    I.wait(10);\n    I.amOnPage('https://gc-ingsw3-integrador-frontend-yvui5th4na-uc.a.run.app');\n    I.wait(5);\n    I.see('EL AUDIO DE LOS VIERNES!')\n    I.see('Octavio Garcia 2004033 - UCC - Integrador Ing. Software III - 2024')",
              "err": {},
              "uuid": "2f885f73-9667-4978-b070-57351835544f",
              "parentUUID": "6b8e538f-9036-468a-a087-d7151ec89fee",
              "isHook": false,
              "skipped": false
            },
            {
              "title": "Testing Upload - Success",
              "fullTitle": "Prueba: Testing Upload - Success",
              "timedOut": false,
              "duration": 15856,
              "state": "failed",
              "speed": null,
              "pass": false,
              "fail": true,
              "pending": false,
              "context": null,
              "code": "I }) => {\n    I.wait(10);\n    I.amOnPage('https://gc-ingsw3-integrador-frontend-yvui5th4na-uc.a.run.app');\n    I.click('button.sc-kFCroH');\n    I.waitForVisible('div.sc-guDLey.dwEfBc', 5);\n    \n    I.see('Desea añadir un nuevo audio de los viernes?');\n    const enlaceYouTube = 'https://www.youtube.com/shorts/x2vguwCs2nQ';\n    I.fillField('input.sc-brSamD.bAiYgC', enlaceYouTube);\n    I.wait(1);\n    const colorAntes = await I.grabAttributeFrom('button.sc-kFCroH.sc-ktwOfi.kDXnIh.lcJajR', 'color');\n    I.click('button.sc-kFCroH.sc-ktwOfi.kDXnIh.lcJajR');\n    I.wait(1);\n    const colorDespues = await I.grabAttributeFrom('button.sc-kFCroH.sc-ktwOfi.hOikIJ.lcJajR', 'color');\n    if (colorAntes === 'default' && colorDespues === 'success') {\n        console.log('El audio se añadio de manera exitosa.');\n    } else {\n        assert.fail(`Ocurrio un error inesperado`);\n        //assert.fail(`Ocurrio un error añadiendo el audio. Antes:${colorAntes} ---- Desp:${colorDespues}`);\n    }",
              "err": {
                "message": "Error: Element \"button.sc-kFCroH.sc-ktwOfi.hOikIJ.lcJajR\" was not found by text|CSS|XPath",
                "estack": "Error: Element \"button.sc-kFCroH.sc-ktwOfi.hOikIJ.lcJajR\" was not found by text|CSS|XPath\n    at new ElementNotFound (node_modules\\codeceptjs\\lib\\helper\\errors\\ElementNotFound.js:15:11)\n    at assertElementExists (node_modules\\codeceptjs\\lib\\helper\\Playwright.js:3728:11)\n    at Playwright.grabAttributeFrom (node_modules\\codeceptjs\\lib\\helper\\Playwright.js:2230:5)\n    at async Test.<anonymous> (visuals_test.js:33:26)",
                "diff": null
              },
              "uuid": "e897adec-1790-41b9-b4dc-7bdfe3a43888",
              "parentUUID": "6b8e538f-9036-468a-a087-d7151ec89fee",
              "isHook": false,
              "skipped": false
            },
            {
              "title": "Testing Upload - Error",
              "fullTitle": "Prueba: Testing Upload - Error",
              "timedOut": false,
              "duration": 4814,
              "state": "passed",
              "speed": "slow",
              "pass": true,
              "fail": false,
              "pending": false,
              "context": null,
              "code": "I }) => {\n    I.amOnPage('https://gc-ingsw3-integrador-frontend-yvui5th4na-uc.a.run.app');\n    I.click('button.sc-kFCroH');\n    I.waitForVisible('div.sc-guDLey.dwEfBc', 5);\n    \n    I.see('Desea añadir un nuevo audio de los viernes?');\n    const enlaceYouTube = 'https://www.youtube.com/shorts/TEST-ERROR';\n    I.fillField('input.sc-brSamD.bAiYgC', enlaceYouTube);\n    I.wait(1);\n    const colorAntes = await I.grabAttributeFrom('button.sc-kFCroH.sc-ktwOfi.kDXnIh.lcJajR', 'color');\n    I.click('button.sc-kFCroH.sc-ktwOfi.kDXnIh.lcJajR');\n    I.wait(1);\n    const colorDespues = await I.grabAttributeFrom('button.sc-kFCroH.sc-ktwOfi.QRzSJ.lcJajR', 'color');\n    if (colorAntes === 'default' && colorDespues === 'error') {\n        console.log('El audio no se añadio de manera exitosa.');\n    } else {\n        assert.fail(`Ocurrio un error inesperado`);\n        //assert.fail(`Ocurrio un error y se pudo añadir el audio. Antes:${colorAntes} ---- Desp:${colorDespues}`);\n    }",
              "err": {},
              "uuid": "94eac4d9-4f1a-4cfa-bed4-eb0db94a2d27",
              "parentUUID": "6b8e538f-9036-468a-a087-d7151ec89fee",
              "isHook": false,
              "skipped": false
            }
          ],
          "suites": [],
          "passes": [
            "2f885f73-9667-4978-b070-57351835544f",
            "94eac4d9-4f1a-4cfa-bed4-eb0db94a2d27"
          ],
          "failures": [
            "e897adec-1790-41b9-b4dc-7bdfe3a43888"
          ],
          "pending": [],
          "skipped": [],
          "duration": 37144,
          "root": false,
          "rootEmpty": false,
          "_timeout": 0
        }
      ],
      "passes": [],
      "failures": [],
      "pending": [],
      "skipped": [],
      "duration": 0,
      "root": true,
      "rootEmpty": true,
      "_timeout": 0
    }
  ],
  "meta": {
    "mocha": {
      "version": "10.2.0"
    },
    "mochawesome": {
      "options": {
        "quiet": false,
        "reportFilename": "mochawesome-report",
        "saveHtml": true,
        "saveJson": true,
        "consoleReporter": "spec",
        "useInlineDiffs": false,
        "code": true
      },
      "version": "7.1.3"
    },
    "marge": {
      "options": {
        "reportDir": "./output",
        "reportFilename": "mochawesome-report"
      },
      "version": "6.2.0"
    }
  }
}