{
  "stats": {
    "suites": 1,
    "tests": 4,
    "passes": 4,
    "pending": 0,
    "failures": 0,
    "start": "2024-02-13T09:22:39.706Z",
    "end": "2024-02-13T09:23:07.951Z",
    "duration": 28245,
    "testsRegistered": 4,
    "passPercent": 100,
    "pendingPercent": 0,
    "other": 0,
    "hasOther": false,
    "skipped": 0,
    "hasSkipped": false
  },
  "results": [
    {
      "uuid": "3ddbece8-2fec-449b-a305-48abf41614f7",
      "title": "",
      "fullFile": "H:\\GitHub\\ingsw3-integrador\\frontend\\visuals_test.js",
      "file": "\\visuals_test.js",
      "beforeHooks": [],
      "afterHooks": [],
      "tests": [],
      "suites": [
        {
          "uuid": "bb186ce2-4cdf-403d-ae8c-d56e95d88cfa",
          "title": "Prueba",
          "fullFile": "H:\\GitHub\\ingsw3-integrador\\frontend\\visuals_test.js",
          "file": "\\visuals_test.js",
          "beforeHooks": [
            {
              "title": "\"before all\" hook: codeceptjs.beforeSuite in \"Prueba\"",
              "fullTitle": "Prueba \"before all\" hook: codeceptjs.beforeSuite in \"Prueba\"",
              "timedOut": false,
              "duration": 388,
              "state": null,
              "speed": null,
              "pass": false,
              "fail": false,
              "pending": false,
              "context": null,
              "code": "scenario.suiteSetup(suite)",
              "err": {},
              "uuid": "bf87b19a-5c4b-4028-82e1-3e9fd5a55101",
              "parentUUID": "bb186ce2-4cdf-403d-ae8c-d56e95d88cfa",
              "isHook": true,
              "skipped": false
            },
            {
              "title": "\"before each\" hook: codeceptjs.before in \"Prueba\"",
              "fullTitle": "Prueba \"before each\" hook: codeceptjs.before in \"Prueba\"",
              "timedOut": false,
              "duration": 84,
              "state": null,
              "speed": null,
              "pass": false,
              "fail": false,
              "pending": false,
              "context": null,
              "code": "scenario.setup(suite)",
              "err": {},
              "uuid": "417827c0-1146-4beb-b097-59174f7e6839",
              "parentUUID": "bb186ce2-4cdf-403d-ae8c-d56e95d88cfa",
              "isHook": true,
              "skipped": false
            }
          ],
          "afterHooks": [
            {
              "title": "\"after all\" hook: codeceptjs.afterSuite in \"Prueba\"",
              "fullTitle": "Prueba \"after all\" hook: codeceptjs.afterSuite in \"Prueba\"",
              "timedOut": false,
              "duration": 0,
              "state": null,
              "speed": null,
              "pass": false,
              "fail": false,
              "pending": false,
              "context": null,
              "code": "scenario.suiteTeardown(suite)",
              "err": {},
              "uuid": "48474564-d945-4776-a1ef-6ffb853e7890",
              "parentUUID": "bb186ce2-4cdf-403d-ae8c-d56e95d88cfa",
              "isHook": true,
              "skipped": false
            },
            {
              "title": "\"after each\" hook: finalize codeceptjs in \"Prueba\"",
              "fullTitle": "Prueba \"after each\" hook: finalize codeceptjs in \"Prueba\"",
              "timedOut": false,
              "duration": 4,
              "state": null,
              "speed": null,
              "pass": false,
              "fail": false,
              "pending": false,
              "context": null,
              "code": "scenario.teardown(suite)",
              "err": {},
              "uuid": "f931d19d-74b1-4ec5-af28-675e13081fc7",
              "parentUUID": "bb186ce2-4cdf-403d-ae8c-d56e95d88cfa",
              "isHook": true,
              "skipped": false
            }
          ],
          "tests": [
            {
              "title": "Preparar Tests",
              "fullTitle": "Prueba: Preparar Tests",
              "timedOut": false,
              "duration": 11598,
              "state": "passed",
              "speed": "slow",
              "pass": true,
              "fail": false,
              "pending": false,
              "context": null,
              "code": "I }) => {\n    I.wait(5)\n    I.amOnPage(DOMAIN_URL);\n    I.wait(5)",
              "err": {},
              "uuid": "7fd50149-855e-447a-b87c-a4ff8fe4b229",
              "parentUUID": "bb186ce2-4cdf-403d-ae8c-d56e95d88cfa",
              "isHook": false,
              "skipped": false
            },
            {
              "title": "Testing Upload - Error",
              "fullTitle": "Prueba: Testing Upload - Error",
              "timedOut": false,
              "duration": 4313,
              "state": "passed",
              "speed": "slow",
              "pass": true,
              "fail": false,
              "pending": false,
              "context": null,
              "code": "I }) => {\n    I.amOnPage(DOMAIN_URL);\n    I.click('button.sc-kFCroH');\n    I.waitForVisible('div.sc-guDLey.dwEfBc', 5);\n    \n    I.see('Desea añadir un nuevo audio de los viernes?');\n    const enlaceYouTube = 'https://www.youtube.com/shorts/TEST-ERROR';\n    I.fillField('input.sc-brSamD.bAiYgC', enlaceYouTube);\n    I.wait(1);\n    const colorAntes = await I.grabAttributeFrom('button.sc-kFCroH.sc-ktwOfi.kDXnIh.lcJajR', 'color');\n    I.click('button.sc-kFCroH.sc-ktwOfi.kDXnIh.lcJajR');\n    I.wait(1);\n    const colorDespues = await I.grabAttributeFrom('button.sc-kFCroH.sc-ktwOfi.QRzSJ.lcJajR', 'color');\n    if (colorAntes === 'default' && colorDespues === 'error') {\n        console.log('El audio no se añadio de manera exitosa. Lo cual es correcto para la prueba');\n        assert.ok('Test de Error exitoso');\n    } else {\n        assert.fail(`Ocurrio un error inesperado`);\n        //assert.fail(`Ocurrio un error y se pudo añadir el audio. Antes:${colorAntes} ---- Desp:${colorDespues}`);\n    }",
              "err": {},
              "uuid": "043a7fbc-9b05-4467-af43-b3e9b91a94c1",
              "parentUUID": "bb186ce2-4cdf-403d-ae8c-d56e95d88cfa",
              "isHook": false,
              "skipped": false
            },
            {
              "title": "Testing Upload - Success",
              "fullTitle": "Prueba: Testing Upload - Success",
              "timedOut": false,
              "duration": 4567,
              "state": "passed",
              "speed": "slow",
              "pass": true,
              "fail": false,
              "pending": false,
              "context": null,
              "code": "I }) => {\n    I.amOnPage(DOMAIN_URL);\n    I.click('button.sc-kFCroH');\n    I.waitForVisible('div.sc-guDLey.dwEfBc', 5);\n    \n    I.see('Desea añadir un nuevo audio de los viernes?');\n    const enlaceYouTube = 'https://www.youtube.com/shorts/x2vguwCs2nQ';\n    I.fillField('input.sc-brSamD.bAiYgC', enlaceYouTube);\n    I.wait(1);\n    const colorAntes = await I.grabAttributeFrom('button.sc-kFCroH.sc-ktwOfi.kDXnIh.lcJajR', 'color');\n    I.click('button.sc-kFCroH.sc-ktwOfi.kDXnIh.lcJajR');\n    I.wait(1);\n    const colorDespues = await I.grabAttributeFrom('button.sc-kFCroH.sc-ktwOfi.hOikIJ.lcJajR', 'color');\n    if (colorAntes === 'default' && colorDespues === 'success') {\n        console.log('El audio se añadio de manera exitosa. Lo cual es correcto para la prueba');\n        assert.ok('Test de Exito correcto');\n    } else {\n        console.log('El audio se añadio de manera exitosa. Lo cual es correcto para la prueba');\n    }",
              "err": {},
              "uuid": "d5289eca-ba8c-43aa-bbaa-13a3335bde8f",
              "parentUUID": "bb186ce2-4cdf-403d-ae8c-d56e95d88cfa",
              "isHook": false,
              "skipped": false
            },
            {
              "title": "Testing Some Text",
              "fullTitle": "Prueba: Testing Some Text",
              "timedOut": false,
              "duration": 6643,
              "state": "passed",
              "speed": "slow",
              "pass": true,
              "fail": false,
              "pending": false,
              "context": null,
              "code": "I }) => {\n    I.amOnPage(DOMAIN_URL);\n    I.wait(5);\n    I.see('EL AUDIO DE LOS VIERNES!')",
              "err": {},
              "uuid": "76fad6f6-af20-4be5-9eb3-d14aba34a39c",
              "parentUUID": "bb186ce2-4cdf-403d-ae8c-d56e95d88cfa",
              "isHook": false,
              "skipped": false
            }
          ],
          "suites": [],
          "passes": [
            "7fd50149-855e-447a-b87c-a4ff8fe4b229",
            "043a7fbc-9b05-4467-af43-b3e9b91a94c1",
            "d5289eca-ba8c-43aa-bbaa-13a3335bde8f",
            "76fad6f6-af20-4be5-9eb3-d14aba34a39c"
          ],
          "failures": [],
          "pending": [],
          "skipped": [],
          "duration": 27121,
          "root": false,
          "rootEmpty": false,
          "_timeout": 0
        }
      ],
      "passes": [],
      "failures": [],
      "pending": [],
      "skipped": [],
      "duration": 0,
      "root": true,
      "rootEmpty": true,
      "_timeout": 0
    }
  ],
  "meta": {
    "mocha": {
      "version": "10.2.0"
    },
    "mochawesome": {
      "options": {
        "quiet": false,
        "reportFilename": "mochawesome-report",
        "saveHtml": true,
        "saveJson": true,
        "consoleReporter": "spec",
        "useInlineDiffs": false,
        "code": true
      },
      "version": "7.1.3"
    },
    "marge": {
      "options": {
        "reportDir": "./output",
        "reportFilename": "mochawesome-report"
      },
      "version": "6.2.0"
    }
  }
}